Dec 31 11:26:18 vervebots-MacBook-Pro com.apple.CoreSimulator.simctl[19152] <Error>: Unable to deliver request ({
	    "developer_dir" = "/Applications/Xcode.app/Contents/Developer";
	    request = "set_developer_dir";
	}) because we are not connected to CoreSimulatorService.
Dec 31 11:26:18 vervebots-MacBook-Pro com.apple.CoreSimulator.simctl[19152] <Warning>: Unable to discover any Simulator runtimes. Developer Directory is /Applications/Xcode.app/Contents/Developer.
Dec 31 11:26:18 vervebots-MacBook-Pro com.apple.CoreSimulator.simctl[19152] <Error>: Could not kickstart simdiskimaged; SimDiskImageManager services will not be available: Error Domain=NSPOSIXErrorDomain Code=53 "Software caused connection abort" UserInfo={NSLocalizedDescription=Error returned in reply from CoreSimulatorService: Connection invalid}
Dec 31 11:26:18 vervebots-MacBook-Pro com.apple.CoreSimulator.simctl[19152] <Error>: simdiskimaged connection is currently unavailable because connection became invalid
Dec 31 11:26:18 vervebots-MacBook-Pro com.apple.CoreSimulator.simctl[19152] <Error>: Could not get list of trusted mount directories: Error Domain=com.apple.CoreSimulator.SimError Code=409 "Cannot talk to the service used to manage runtime disk images (simdiskimaged) because its launchd job is not registered or was unloaded" UserInfo={NSLocalizedDescription=Cannot talk to the service used to manage runtime disk images (simdiskimaged) because its launchd job is not registered or was unloaded}
Dec 31 11:26:18 vervebots-MacBook-Pro com.apple.CoreSimulator.simctl[19152] <Error>: simdiskimaged connection is currently unavailable because connection became invalid
Dec 31 11:26:18 vervebots-MacBook-Pro com.apple.CoreSimulator.simctl[19152] <Error>: Unable to deliver request ({
	    request = "notification_subscription";
	    "set_path" = "/Users/vervebotapps/Library/Developer/CoreSimulator/Devices";
	}) because we are not connected to CoreSimulatorService.
Dec 31 11:57:26 vervebots-MacBook-Pro com.apple.CoreSimulator.simctl[33123] <Error>: Unable to deliver request ({
	    "developer_dir" = "/Applications/Xcode.app/Contents/Developer";
	    request = "set_developer_dir";
	}) because we are not connected to CoreSimulatorService.
Dec 31 11:57:26 vervebots-MacBook-Pro com.apple.CoreSimulator.simctl[33123] <Warning>: Unable to discover any Simulator runtimes. Developer Directory is /Applications/Xcode.app/Contents/Developer.
Dec 31 11:57:26 vervebots-MacBook-Pro com.apple.CoreSimulator.simctl[33123] <Error>: Could not kickstart simdiskimaged; SimDiskImageManager services will not be available: Error Domain=NSPOSIXErrorDomain Code=53 "Software caused connection abort" UserInfo={NSLocalizedDescription=Error returned in reply from CoreSimulatorService: Connection invalid}
Dec 31 11:57:26 vervebots-MacBook-Pro com.apple.CoreSimulator.simctl[33123] <Error>: simdiskimaged returned error (invalid), marking disconnected.
Dec 31 11:57:26 vervebots-MacBook-Pro com.apple.CoreSimulator.simctl[33123] <Error>: Could not get list of trusted mount directories: Error Domain=com.apple.CoreSimulator.SimError Code=410 "The service used to manage runtime disk images (simdiskimaged) crashed or is not responding" UserInfo={NSLocalizedDescription=The service used to manage runtime disk images (simdiskimaged) crashed or is not responding}
Dec 31 11:57:26 vervebots-MacBook-Pro com.apple.CoreSimulator.simctl[33123] <Error>: simdiskimaged returned error (invalid), marking disconnected.
Dec 31 11:57:26 vervebots-MacBook-Pro com.apple.CoreSimulator.simctl[33123] <Error>: Unable to deliver request ({
	    request = "notification_subscription";
	    "set_path" = "/Users/vervebotapps/Library/Developer/CoreSimulator/Devices";
	}) because we are not connected to CoreSimulatorService.
Dec 31 11:59:44 vervebots-MacBook-Pro com.apple.CoreSimulator.simctl[44378] <Error>: Unable to deliver request ({
	    "developer_dir" = "/Applications/Xcode.app/Contents/Developer";
	    request = "set_developer_dir";
	}) because we are not connected to CoreSimulatorService.
Dec 31 11:59:44 vervebots-MacBook-Pro com.apple.CoreSimulator.simctl[44378] <Warning>: Unable to discover any Simulator runtimes. Developer Directory is /Applications/Xcode.app/Contents/Developer.
Dec 31 11:59:44 vervebots-MacBook-Pro com.apple.CoreSimulator.simctl[44378] <Error>: Could not kickstart simdiskimaged; SimDiskImageManager services will not be available: Error Domain=NSPOSIXErrorDomain Code=53 "Software caused connection abort" UserInfo={NSLocalizedDescription=Error returned in reply from CoreSimulatorService: Connection invalid}
Dec 31 11:59:44 vervebots-MacBook-Pro com.apple.CoreSimulator.simctl[44378] <Error>: simdiskimaged returned error (invalid), marking disconnected.
Dec 31 11:59:44 vervebots-MacBook-Pro com.apple.CoreSimulator.simctl[44378] <Error>: simdiskimaged returned error (invalid), marking disconnected.
Dec 31 11:59:44 vervebots-MacBook-Pro com.apple.CoreSimulator.simctl[44378] <Error>: Could not get list of trusted mount directories: Error Domain=com.apple.CoreSimulator.SimError Code=410 "The service used to manage runtime disk images (simdiskimaged) crashed or is not responding" UserInfo={NSLocalizedDescription=The service used to manage runtime disk images (simdiskimaged) crashed or is not responding}
Dec 31 11:59:44 vervebots-MacBook-Pro com.apple.CoreSimulator.simctl[44378] <Error>: Unable to deliver request ({
	    request = "notification_subscription";
	    "set_path" = "/Users/vervebotapps/Library/Developer/CoreSimulator/Devices";
	}) because we are not connected to CoreSimulatorService.
Dec 31 12:16:35 vervebots-MacBook-Pro com.apple.CoreSimulator.simctl[57631] <Error>: Unable to deliver request ({
	    "developer_dir" = "/Applications/Xcode.app/Contents/Developer";
	    request = "set_developer_dir";
	}) because we are not connected to CoreSimulatorService.
Dec 31 12:16:35 vervebots-MacBook-Pro com.apple.CoreSimulator.simctl[57631] <Warning>: Unable to discover any Simulator runtimes. Developer Directory is /Applications/Xcode.app/Contents/Developer.
Dec 31 12:16:35 vervebots-MacBook-Pro com.apple.CoreSimulator.simctl[57631] <Error>: Could not kickstart simdiskimaged; SimDiskImageManager services will not be available: Error Domain=NSPOSIXErrorDomain Code=53 "Software caused connection abort" UserInfo={NSLocalizedDescription=Error returned in reply from CoreSimulatorService: Connection invalid}
Dec 31 12:16:35 vervebots-MacBook-Pro com.apple.CoreSimulator.simctl[57631] <Error>: simdiskimaged returned error (invalid), marking disconnected.
Dec 31 12:16:35 vervebots-MacBook-Pro com.apple.CoreSimulator.simctl[57631] <Error>: simdiskimaged returned error (invalid), marking disconnected.
Dec 31 12:16:35 vervebots-MacBook-Pro com.apple.CoreSimulator.simctl[57631] <Error>: Unable to deliver request ({
	    request = "notification_subscription";
	    "set_path" = "/Users/vervebotapps/Library/Developer/CoreSimulator/Devices";
	}) because we are not connected to CoreSimulatorService.
Dec 31 12:16:35 vervebots-MacBook-Pro com.apple.CoreSimulator.simctl[57631] <Error>: Could not get list of trusted mount directories: Error Domain=com.apple.CoreSimulator.SimError Code=410 "The service used to manage runtime disk images (simdiskimaged) crashed or is not responding" UserInfo={NSLocalizedDescription=The service used to manage runtime disk images (simdiskimaged) crashed or is not responding}
